

*******************************************************************************
Sat Apr 11 17:04:58 2015


FIT:    data read from 'dataAtFNALCPUEff.txt' u 1:5
        format = x:z
        x range restricted to [0.00000 : 100.000]
        #datapoints = 113898
        residuals are weighted equally (unit weight)

function used for fitting: f(x)
	f(x) = mean_y
fitted parameters initialized with current variable values



*******************************************************************************
Sat Apr 11 17:05:17 2015


FIT:    data read from 'dataAtFNALCPUEff.txt' u 1:5
        format = x:z
        x range restricted to [0.00000 : 100.000]
        #datapoints = 113898
        residuals are weighted equally (unit weight)

function used for fitting: f(x)
	f(x) = mean_x
fitted parameters initialized with current variable values

iter      chisq       delta/lim  lambda   mean_x       
   0 5.7866622986e+08   0.00e+00  1.00e+00    1.000000e+00
   2 1.1818797866e+08  -3.00e-05  1.00e-02    6.458380e+01

After 2 iterations the fit converged.
final sum of squares of residuals : 1.18188e+08
rel. change during last iteration : -3.00328e-10

degrees of freedom    (FIT_NDF)                        : 113897
rms of residuals      (FIT_STDFIT) = sqrt(WSSR/ndf)    : 32.213
variance of residuals (reduced chisquare) = WSSR/ndf   : 1037.67

Final set of parameters            Asymptotic Standard Error
=======================            ==========================
mean_x          = 64.5838          +/- 0.09545      (0.1478%)


*******************************************************************************
Sat Apr 11 17:07:04 2015


FIT:    data read from 'dataAtFNALCPUEff.txt' u 1:5
        format = x:z
        x range restricted to [0.00000 : 100.000]
        #datapoints = 113898
        residuals are weighted equally (unit weight)

function used for fitting: f(y)
	f(y) = mean_x
fitted parameters initialized with current variable values

iter      chisq       delta/lim  lambda   mean_x       
   0 5.7866622986e+08   0.00e+00  1.00e+00    1.000000e+00
   2 1.1818797866e+08  -3.00e-05  1.00e-02    6.458380e+01

After 2 iterations the fit converged.
final sum of squares of residuals : 1.18188e+08
rel. change during last iteration : -3.00328e-10

degrees of freedom    (FIT_NDF)                        : 113897
rms of residuals      (FIT_STDFIT) = sqrt(WSSR/ndf)    : 32.213
variance of residuals (reduced chisquare) = WSSR/ndf   : 1037.67

Final set of parameters            Asymptotic Standard Error
=======================            ==========================
mean_x          = 64.5838          +/- 0.09545      (0.1478%)


*******************************************************************************
Sat Apr 11 17:07:34 2015


FIT:    data read from 'dataAtFNALCPUEff.txt' u 5:5
        format = x:z
        x range restricted to [0.00000 : 100.000]
        #datapoints = 113898
        residuals are weighted equally (unit weight)

function used for fitting: f(y)
	f(y) = mean_x
fitted parameters initialized with current variable values

iter      chisq       delta/lim  lambda   mean_x       
   0 5.7866622986e+08   0.00e+00  1.00e+00    1.000000e+00
   2 1.1818797866e+08  -3.00e-05  1.00e-02    6.458380e+01

After 2 iterations the fit converged.
final sum of squares of residuals : 1.18188e+08
rel. change during last iteration : -3.00328e-10

degrees of freedom    (FIT_NDF)                        : 113897
rms of residuals      (FIT_STDFIT) = sqrt(WSSR/ndf)    : 32.213
variance of residuals (reduced chisquare) = WSSR/ndf   : 1037.67

Final set of parameters            Asymptotic Standard Error
=======================            ==========================
mean_x          = 64.5838          +/- 0.09545      (0.1478%)


*******************************************************************************
Sat Apr 11 17:08:14 2015


FIT:    data read from 'dataAtFNALCPUEff.txt' u 5:5
        format = x:z
        x range restricted to [0.00000 : 100.000]
        #datapoints = 113898
        residuals are weighted equally (unit weight)

function used for fitting: f(y)
	f(y) = mean_x
fitted parameters initialized with current variable values

iter      chisq       delta/lim  lambda   mean_x       
   0 5.7866622986e+08   0.00e+00  1.00e+00    1.000000e+00
   2 1.1818797866e+08  -3.00e-05  1.00e-02    6.458380e+01

After 2 iterations the fit converged.
final sum of squares of residuals : 1.18188e+08
rel. change during last iteration : -3.00328e-10

degrees of freedom    (FIT_NDF)                        : 113897
rms of residuals      (FIT_STDFIT) = sqrt(WSSR/ndf)    : 32.213
variance of residuals (reduced chisquare) = WSSR/ndf   : 1037.67

Final set of parameters            Asymptotic Standard Error
=======================            ==========================
mean_x          = 64.5838          +/- 0.09545      (0.1478%)


*******************************************************************************
Sat Apr 11 17:10:53 2015


FIT:    data read from 'dataAtFNALCPUEff.txt' u 5:5
        format = x:z
        x range restricted to [0.00000 : 100.000]
        #datapoints = 113898
        residuals are weighted equally (unit weight)

function used for fitting: f(y)
	f(y) = mean_x
fitted parameters initialized with current variable values

iter      chisq       delta/lim  lambda   mean_x       
   0 5.7866622986e+08   0.00e+00  1.00e+00    1.000000e+00
   2 1.1818797866e+08  -3.00e-05  1.00e-02    6.458380e+01

After 2 iterations the fit converged.
final sum of squares of residuals : 1.18188e+08
rel. change during last iteration : -3.00328e-10

degrees of freedom    (FIT_NDF)                        : 113897
rms of residuals      (FIT_STDFIT) = sqrt(WSSR/ndf)    : 32.213
variance of residuals (reduced chisquare) = WSSR/ndf   : 1037.67

Final set of parameters            Asymptotic Standard Error
=======================            ==========================
mean_x          = 64.5838          +/- 0.09545      (0.1478%)


*******************************************************************************
Sat Apr 11 17:10:54 2015


FIT:    data read from 'serialCPUEff.txt' u 5:5
        format = x:z
        x range restricted to [0.00000 : 100.000]
        #datapoints = 113898
        residuals are weighted equally (unit weight)

function used for fitting: f(y)
	f(y) = mean_x
fitted parameters initialized with current variable values

iter      chisq       delta/lim  lambda   mean_x       
   0 1.0962382600e+08   0.00e+00  6.46e+01    6.458380e+01
   2 9.9425345259e+07  -7.91e-07  6.46e-01    7.404639e+01

After 2 iterations the fit converged.
final sum of squares of residuals : 9.94253e+07
rel. change during last iteration : -7.90669e-12

degrees of freedom    (FIT_NDF)                        : 113897
rms of residuals      (FIT_STDFIT) = sqrt(WSSR/ndf)    : 29.5456
variance of residuals (reduced chisquare) = WSSR/ndf   : 872.941

Final set of parameters            Asymptotic Standard Error
=======================            ==========================
mean_x          = 74.0464          +/- 0.08755      (0.1182%)


*******************************************************************************
Sat Apr 11 17:10:54 2015


FIT:    data read from 'todayCPUEff.txt' u 5:5
        format = x:z
        x range restricted to [0.00000 : 100.000]
        #datapoints = 113898
        residuals are weighted equally (unit weight)

function used for fitting: f(y)
	f(y) = mean_x
fitted parameters initialized with current variable values

iter      chisq       delta/lim  lambda   mean_x       
   0 9.2222916107e+07   0.00e+00  7.40e+01    7.404639e+01
   2 8.9528154833e+07  -2.32e-07  7.40e-01    7.891048e+01

After 2 iterations the fit converged.
final sum of squares of residuals : 8.95282e+07
rel. change during last iteration : -2.32019e-12

degrees of freedom    (FIT_NDF)                        : 113897
rms of residuals      (FIT_STDFIT) = sqrt(WSSR/ndf)    : 28.0365
variance of residuals (reduced chisquare) = WSSR/ndf   : 786.045

Final set of parameters            Asymptotic Standard Error
=======================            ==========================
mean_x          = 78.9105          +/- 0.08307      (0.1053%)


*******************************************************************************
Sat Apr 11 17:11:23 2015


FIT:    data read from 'dataAtFNALCPUEff.txt' u 5:5
        format = x:z
        x range restricted to [0.00000 : 100.000]
        #datapoints = 113898
        residuals are weighted equally (unit weight)

function used for fitting: f(y)
	f(y) = mean_x
fitted parameters initialized with current variable values

iter      chisq       delta/lim  lambda   mean_x       
   0 5.7866622986e+08   0.00e+00  1.00e+00    1.000000e+00
   2 1.1818797866e+08  -3.00e-05  1.00e-02    6.458380e+01

After 2 iterations the fit converged.
final sum of squares of residuals : 1.18188e+08
rel. change during last iteration : -3.00328e-10

degrees of freedom    (FIT_NDF)                        : 113897
rms of residuals      (FIT_STDFIT) = sqrt(WSSR/ndf)    : 32.213
variance of residuals (reduced chisquare) = WSSR/ndf   : 1037.67

Final set of parameters            Asymptotic Standard Error
=======================            ==========================
mean_x          = 64.5838          +/- 0.09545      (0.1478%)


*******************************************************************************
Sat Apr 11 17:11:23 2015


FIT:    data read from 'serialCPUEff.txt' u 5:5
        format = x:z
        x range restricted to [0.00000 : 100.000]
        #datapoints = 113898
        residuals are weighted equally (unit weight)

function used for fitting: f(y)
	f(y) = mean_x
fitted parameters initialized with current variable values

iter      chisq       delta/lim  lambda   mean_x       
   0 1.0962382600e+08   0.00e+00  6.46e+01    6.458380e+01
   2 9.9425345259e+07  -7.91e-07  6.46e-01    7.404639e+01

After 2 iterations the fit converged.
final sum of squares of residuals : 9.94253e+07
rel. change during last iteration : -7.90669e-12

degrees of freedom    (FIT_NDF)                        : 113897
rms of residuals      (FIT_STDFIT) = sqrt(WSSR/ndf)    : 29.5456
variance of residuals (reduced chisquare) = WSSR/ndf   : 872.941

Final set of parameters            Asymptotic Standard Error
=======================            ==========================
mean_x          = 74.0464          +/- 0.08755      (0.1182%)


*******************************************************************************
Sat Apr 11 17:11:24 2015


FIT:    data read from 'todayCPUEff.txt' u 5:5
        format = x:z
        x range restricted to [0.00000 : 100.000]
        #datapoints = 113898
        residuals are weighted equally (unit weight)

function used for fitting: f(y)
	f(y) = mean_x
fitted parameters initialized with current variable values

iter      chisq       delta/lim  lambda   mean_x       
   0 9.2222916107e+07   0.00e+00  7.40e+01    7.404639e+01
   2 8.9528154833e+07  -2.32e-07  7.40e-01    7.891048e+01

After 2 iterations the fit converged.
final sum of squares of residuals : 8.95282e+07
rel. change during last iteration : -2.32019e-12

degrees of freedom    (FIT_NDF)                        : 113897
rms of residuals      (FIT_STDFIT) = sqrt(WSSR/ndf)    : 28.0365
variance of residuals (reduced chisquare) = WSSR/ndf   : 786.045

Final set of parameters            Asymptotic Standard Error
=======================            ==========================
mean_x          = 78.9105          +/- 0.08307      (0.1053%)


*******************************************************************************
Sat Apr 11 17:11:49 2015


FIT:    data read from 'dataAtFNALCPUEff.txt' u 5:5
        format = x:z
        x range restricted to [0.00000 : 100.000]
        #datapoints = 113898
        residuals are weighted equally (unit weight)

function used for fitting: f(y)
	f(y) = mean_x
fitted parameters initialized with current variable values

iter      chisq       delta/lim  lambda   mean_x       
   0 5.7866622986e+08   0.00e+00  1.00e+00    1.000000e+00
   2 1.1818797866e+08  -3.00e-05  1.00e-02    6.458380e+01

After 2 iterations the fit converged.
final sum of squares of residuals : 1.18188e+08
rel. change during last iteration : -3.00328e-10

degrees of freedom    (FIT_NDF)                        : 113897
rms of residuals      (FIT_STDFIT) = sqrt(WSSR/ndf)    : 32.213
variance of residuals (reduced chisquare) = WSSR/ndf   : 1037.67

Final set of parameters            Asymptotic Standard Error
=======================            ==========================
mean_x          = 64.5838          +/- 0.09545      (0.1478%)


*******************************************************************************
Sat Apr 11 17:11:58 2015


FIT:    data read from 'dataAtFNALCPUEff.txt' u 5:5
        format = x:z
        x range restricted to [0.00000 : 100.000]
        #datapoints = 113898
        residuals are weighted equally (unit weight)

function used for fitting: f(y)
	f(y) = mean_x
fitted parameters initialized with current variable values

iter      chisq       delta/lim  lambda   mean_x       
   0 5.7866622986e+08   0.00e+00  1.00e+00    1.000000e+00
   2 1.1818797866e+08  -3.00e-05  1.00e-02    6.458380e+01

After 2 iterations the fit converged.
final sum of squares of residuals : 1.18188e+08
rel. change during last iteration : -3.00328e-10

degrees of freedom    (FIT_NDF)                        : 113897
rms of residuals      (FIT_STDFIT) = sqrt(WSSR/ndf)    : 32.213
variance of residuals (reduced chisquare) = WSSR/ndf   : 1037.67

Final set of parameters            Asymptotic Standard Error
=======================            ==========================
mean_x          = 64.5838          +/- 0.09545      (0.1478%)


*******************************************************************************
Sat Apr 11 17:11:59 2015


FIT:    data read from 'serialCPUEff.txt' u 5:5
        format = x:z
        x range restricted to [0.00000 : 100.000]
        #datapoints = 113898
        residuals are weighted equally (unit weight)

function used for fitting: f(y)
	f(y) = mean_x
fitted parameters initialized with current variable values

iter      chisq       delta/lim  lambda   mean_x       
   0 1.0962382600e+08   0.00e+00  6.46e+01    6.458380e+01
   2 9.9425345259e+07  -7.91e-07  6.46e-01    7.404639e+01

After 2 iterations the fit converged.
final sum of squares of residuals : 9.94253e+07
rel. change during last iteration : -7.90669e-12

degrees of freedom    (FIT_NDF)                        : 113897
rms of residuals      (FIT_STDFIT) = sqrt(WSSR/ndf)    : 29.5456
variance of residuals (reduced chisquare) = WSSR/ndf   : 872.941

Final set of parameters            Asymptotic Standard Error
=======================            ==========================
mean_x          = 74.0464          +/- 0.08755      (0.1182%)


*******************************************************************************
Sat Apr 11 17:11:59 2015


FIT:    data read from 'todayCPUEff.txt' u 5:5
        format = x:z
        x range restricted to [0.00000 : 100.000]
        #datapoints = 113898
        residuals are weighted equally (unit weight)

function used for fitting: f(y)
	f(y) = mean_x
fitted parameters initialized with current variable values

iter      chisq       delta/lim  lambda   mean_x       
   0 9.2222916107e+07   0.00e+00  7.40e+01    7.404639e+01
   2 8.9528154833e+07  -2.32e-07  7.40e-01    7.891048e+01

After 2 iterations the fit converged.
final sum of squares of residuals : 8.95282e+07
rel. change during last iteration : -2.32019e-12

degrees of freedom    (FIT_NDF)                        : 113897
rms of residuals      (FIT_STDFIT) = sqrt(WSSR/ndf)    : 28.0365
variance of residuals (reduced chisquare) = WSSR/ndf   : 786.045

Final set of parameters            Asymptotic Standard Error
=======================            ==========================
mean_x          = 78.9105          +/- 0.08307      (0.1053%)


*******************************************************************************
Sat Apr 11 17:12:24 2015


FIT:    data read from 'dataAtFNALCPUEff.txt' u 5:5
        format = x:z
        x range restricted to [0.00000 : 100.000]
        #datapoints = 113898
        residuals are weighted equally (unit weight)

function used for fitting: f(y)
	f(y) = mean_x
fitted parameters initialized with current variable values

iter      chisq       delta/lim  lambda   mean_x       
   0 5.7866622986e+08   0.00e+00  1.00e+00    1.000000e+00
   2 1.1818797866e+08  -3.00e-05  1.00e-02    6.458380e+01

After 2 iterations the fit converged.
final sum of squares of residuals : 1.18188e+08
rel. change during last iteration : -3.00328e-10

degrees of freedom    (FIT_NDF)                        : 113897
rms of residuals      (FIT_STDFIT) = sqrt(WSSR/ndf)    : 32.213
variance of residuals (reduced chisquare) = WSSR/ndf   : 1037.67

Final set of parameters            Asymptotic Standard Error
=======================            ==========================
mean_x          = 64.5838          +/- 0.09545      (0.1478%)


*******************************************************************************
Sat Apr 11 17:12:25 2015


FIT:    data read from 'serialCPUEff.txt' u 5:5
        format = x:z
        x range restricted to [0.00000 : 100.000]
        #datapoints = 113898
        residuals are weighted equally (unit weight)

function used for fitting: f(y)
	f(y) = mean_x
fitted parameters initialized with current variable values

iter      chisq       delta/lim  lambda   mean_x       
   0 1.0962382600e+08   0.00e+00  6.46e+01    6.458380e+01
   2 9.9425345259e+07  -7.91e-07  6.46e-01    7.404639e+01

After 2 iterations the fit converged.
final sum of squares of residuals : 9.94253e+07
rel. change during last iteration : -7.90669e-12

degrees of freedom    (FIT_NDF)                        : 113897
rms of residuals      (FIT_STDFIT) = sqrt(WSSR/ndf)    : 29.5456
variance of residuals (reduced chisquare) = WSSR/ndf   : 872.941

Final set of parameters            Asymptotic Standard Error
=======================            ==========================
mean_x          = 74.0464          +/- 0.08755      (0.1182%)


*******************************************************************************
Sat Apr 11 17:12:25 2015


FIT:    data read from 'todayCPUEff.txt' u 5:5
        format = x:z
        x range restricted to [0.00000 : 100.000]
        #datapoints = 113898
        residuals are weighted equally (unit weight)

function used for fitting: f(y)
	f(y) = mean_x
fitted parameters initialized with current variable values

iter      chisq       delta/lim  lambda   mean_x       
   0 9.2222916107e+07   0.00e+00  7.40e+01    7.404639e+01
   2 8.9528154833e+07  -2.32e-07  7.40e-01    7.891048e+01

After 2 iterations the fit converged.
final sum of squares of residuals : 8.95282e+07
rel. change during last iteration : -2.32019e-12

degrees of freedom    (FIT_NDF)                        : 113897
rms of residuals      (FIT_STDFIT) = sqrt(WSSR/ndf)    : 28.0365
variance of residuals (reduced chisquare) = WSSR/ndf   : 786.045

Final set of parameters            Asymptotic Standard Error
=======================            ==========================
mean_x          = 78.9105          +/- 0.08307      (0.1053%)


*******************************************************************************
Sat Apr 11 17:12:42 2015


FIT:    data read from 'dataAtFNALCPUEff.txt' u 5:5
        format = x:z
        x range restricted to [0.00000 : 100.000]
        #datapoints = 113898
        residuals are weighted equally (unit weight)

function used for fitting: f(y)
	f(y) = mean_x
fitted parameters initialized with current variable values

iter      chisq       delta/lim  lambda   mean_x       
   0 5.7866622986e+08   0.00e+00  1.00e+00    1.000000e+00
   2 1.1818797866e+08  -3.00e-05  1.00e-02    6.458380e+01

After 2 iterations the fit converged.
final sum of squares of residuals : 1.18188e+08
rel. change during last iteration : -3.00328e-10

degrees of freedom    (FIT_NDF)                        : 113897
rms of residuals      (FIT_STDFIT) = sqrt(WSSR/ndf)    : 32.213
variance of residuals (reduced chisquare) = WSSR/ndf   : 1037.67

Final set of parameters            Asymptotic Standard Error
=======================            ==========================
mean_x          = 64.5838          +/- 0.09545      (0.1478%)


*******************************************************************************
Sat Apr 11 17:12:43 2015


FIT:    data read from 'serialCPUEff.txt' u 5:5
        format = x:z
        x range restricted to [0.00000 : 100.000]
        #datapoints = 113898
        residuals are weighted equally (unit weight)

function used for fitting: f(y)
	f(y) = mean_x
fitted parameters initialized with current variable values

iter      chisq       delta/lim  lambda   mean_x       
   0 1.0962382600e+08   0.00e+00  6.46e+01    6.458380e+01
   2 9.9425345259e+07  -7.91e-07  6.46e-01    7.404639e+01

After 2 iterations the fit converged.
final sum of squares of residuals : 9.94253e+07
rel. change during last iteration : -7.90669e-12

degrees of freedom    (FIT_NDF)                        : 113897
rms of residuals      (FIT_STDFIT) = sqrt(WSSR/ndf)    : 29.5456
variance of residuals (reduced chisquare) = WSSR/ndf   : 872.941

Final set of parameters            Asymptotic Standard Error
=======================            ==========================
mean_x          = 74.0464          +/- 0.08755      (0.1182%)


*******************************************************************************
Sat Apr 11 17:12:43 2015


FIT:    data read from 'todayCPUEff.txt' u 5:5
        format = x:z
        x range restricted to [0.00000 : 100.000]
        #datapoints = 113898
        residuals are weighted equally (unit weight)

function used for fitting: f(y)
	f(y) = mean_x
fitted parameters initialized with current variable values

iter      chisq       delta/lim  lambda   mean_x       
   0 9.2222916107e+07   0.00e+00  7.40e+01    7.404639e+01
   2 8.9528154833e+07  -2.32e-07  7.40e-01    7.891048e+01

After 2 iterations the fit converged.
final sum of squares of residuals : 8.95282e+07
rel. change during last iteration : -2.32019e-12

degrees of freedom    (FIT_NDF)                        : 113897
rms of residuals      (FIT_STDFIT) = sqrt(WSSR/ndf)    : 28.0365
variance of residuals (reduced chisquare) = WSSR/ndf   : 786.045

Final set of parameters            Asymptotic Standard Error
=======================            ==========================
mean_x          = 78.9105          +/- 0.08307      (0.1053%)


*******************************************************************************
Sat Apr 11 17:13:03 2015


FIT:    data read from 'dataAtFNALCPUEff.txt' u 5:5
        format = x:z
        x range restricted to [0.00000 : 100.000]
        #datapoints = 113898
        residuals are weighted equally (unit weight)

function used for fitting: f(y)
	f(y) = mean_x
fitted parameters initialized with current variable values

iter      chisq       delta/lim  lambda   mean_x       
   0 5.7866622986e+08   0.00e+00  1.00e+00    1.000000e+00
   2 1.1818797866e+08  -3.00e-05  1.00e-02    6.458380e+01

After 2 iterations the fit converged.
final sum of squares of residuals : 1.18188e+08
rel. change during last iteration : -3.00328e-10

degrees of freedom    (FIT_NDF)                        : 113897
rms of residuals      (FIT_STDFIT) = sqrt(WSSR/ndf)    : 32.213
variance of residuals (reduced chisquare) = WSSR/ndf   : 1037.67

Final set of parameters            Asymptotic Standard Error
=======================            ==========================
mean_x          = 64.5838          +/- 0.09545      (0.1478%)


*******************************************************************************
Sat Apr 11 17:13:03 2015


FIT:    data read from 'serialCPUEff.txt' u 5:5
        format = x:z
        x range restricted to [0.00000 : 100.000]
        #datapoints = 113898
        residuals are weighted equally (unit weight)

function used for fitting: f(y)
	f(y) = mean_x
fitted parameters initialized with current variable values

iter      chisq       delta/lim  lambda   mean_x       
   0 1.0962382600e+08   0.00e+00  6.46e+01    6.458380e+01
   2 9.9425345259e+07  -7.91e-07  6.46e-01    7.404639e+01

After 2 iterations the fit converged.
final sum of squares of residuals : 9.94253e+07
rel. change during last iteration : -7.90669e-12

degrees of freedom    (FIT_NDF)                        : 113897
rms of residuals      (FIT_STDFIT) = sqrt(WSSR/ndf)    : 29.5456
variance of residuals (reduced chisquare) = WSSR/ndf   : 872.941

Final set of parameters            Asymptotic Standard Error
=======================            ==========================
mean_x          = 74.0464          +/- 0.08755      (0.1182%)


*******************************************************************************
Sat Apr 11 17:13:04 2015


FIT:    data read from 'todayCPUEff.txt' u 5:5
        format = x:z
        x range restricted to [0.00000 : 100.000]
        #datapoints = 113898
        residuals are weighted equally (unit weight)

function used for fitting: f(y)
	f(y) = mean_x
fitted parameters initialized with current variable values

iter      chisq       delta/lim  lambda   mean_x       
   0 9.2222916107e+07   0.00e+00  7.40e+01    7.404639e+01
   2 8.9528154833e+07  -2.32e-07  7.40e-01    7.891048e+01

After 2 iterations the fit converged.
final sum of squares of residuals : 8.95282e+07
rel. change during last iteration : -2.32019e-12

degrees of freedom    (FIT_NDF)                        : 113897
rms of residuals      (FIT_STDFIT) = sqrt(WSSR/ndf)    : 28.0365
variance of residuals (reduced chisquare) = WSSR/ndf   : 786.045

Final set of parameters            Asymptotic Standard Error
=======================            ==========================
mean_x          = 78.9105          +/- 0.08307      (0.1053%)


*******************************************************************************
Sat Apr 11 17:13:48 2015


FIT:    data read from 'dataAtFNALCPUEff.txt' u 5:5
        format = x:z
        x range restricted to [0.00000 : 100.000]
        #datapoints = 113898
        residuals are weighted equally (unit weight)

function used for fitting: f(y)
	f(y) = mean_x
fitted parameters initialized with current variable values

iter      chisq       delta/lim  lambda   mean_x       
   0 5.7866622986e+08   0.00e+00  1.00e+00    1.000000e+00
   2 1.1818797866e+08  -3.00e-05  1.00e-02    6.458380e+01

After 2 iterations the fit converged.
final sum of squares of residuals : 1.18188e+08
rel. change during last iteration : -3.00328e-10

degrees of freedom    (FIT_NDF)                        : 113897
rms of residuals      (FIT_STDFIT) = sqrt(WSSR/ndf)    : 32.213
variance of residuals (reduced chisquare) = WSSR/ndf   : 1037.67

Final set of parameters            Asymptotic Standard Error
=======================            ==========================
mean_x          = 64.5838          +/- 0.09545      (0.1478%)


*******************************************************************************
Sat Apr 11 17:13:48 2015


FIT:    data read from 'serialCPUEff.txt' u 5:5
        format = x:z
        x range restricted to [0.00000 : 100.000]
        #datapoints = 113898
        residuals are weighted equally (unit weight)

function used for fitting: f(y)
	f(y) = mean_x
fitted parameters initialized with current variable values

iter      chisq       delta/lim  lambda   mean_x       
   0 1.0962382600e+08   0.00e+00  6.46e+01    6.458380e+01
   2 9.9425345259e+07  -7.91e-07  6.46e-01    7.404639e+01

After 2 iterations the fit converged.
final sum of squares of residuals : 9.94253e+07
rel. change during last iteration : -7.90669e-12

degrees of freedom    (FIT_NDF)                        : 113897
rms of residuals      (FIT_STDFIT) = sqrt(WSSR/ndf)    : 29.5456
variance of residuals (reduced chisquare) = WSSR/ndf   : 872.941

Final set of parameters            Asymptotic Standard Error
=======================            ==========================
mean_x          = 74.0464          +/- 0.08755      (0.1182%)


*******************************************************************************
Sat Apr 11 17:13:49 2015


FIT:    data read from 'todayCPUEff.txt' u 5:5
        format = x:z
        x range restricted to [0.00000 : 100.000]
        #datapoints = 113898
        residuals are weighted equally (unit weight)

function used for fitting: f(y)
	f(y) = mean_x
fitted parameters initialized with current variable values

iter      chisq       delta/lim  lambda   mean_x       
   0 9.2222916107e+07   0.00e+00  7.40e+01    7.404639e+01
   2 8.9528154833e+07  -2.32e-07  7.40e-01    7.891048e+01

After 2 iterations the fit converged.
final sum of squares of residuals : 8.95282e+07
rel. change during last iteration : -2.32019e-12

degrees of freedom    (FIT_NDF)                        : 113897
rms of residuals      (FIT_STDFIT) = sqrt(WSSR/ndf)    : 28.0365
variance of residuals (reduced chisquare) = WSSR/ndf   : 786.045

Final set of parameters            Asymptotic Standard Error
=======================            ==========================
mean_x          = 78.9105          +/- 0.08307      (0.1053%)


*******************************************************************************
Sat Apr 11 17:18:59 2015


FIT:    data read from 'dataAtFNALCPUEff.txt' u 5:5
        format = x:z
        x range restricted to [0.00000 : 100.000]
        #datapoints = 113898
        residuals are weighted equally (unit weight)

function used for fitting: f(y)
	f(y) = mean_x
fitted parameters initialized with current variable values

iter      chisq       delta/lim  lambda   mean_x       
   0 5.7866622986e+08   0.00e+00  1.00e+00    1.000000e+00
   2 1.1818797866e+08  -3.00e-05  1.00e-02    6.458380e+01

After 2 iterations the fit converged.
final sum of squares of residuals : 1.18188e+08
rel. change during last iteration : -3.00328e-10

degrees of freedom    (FIT_NDF)                        : 113897
rms of residuals      (FIT_STDFIT) = sqrt(WSSR/ndf)    : 32.213
variance of residuals (reduced chisquare) = WSSR/ndf   : 1037.67

Final set of parameters            Asymptotic Standard Error
=======================            ==========================
mean_x          = 64.5838          +/- 0.09545      (0.1478%)


*******************************************************************************
Sat Apr 11 17:23:23 2015


FIT:    data read from 'dataAtFNALCPUEff.txt' u 5:5
        format = x:z
        x range restricted to [0.00000 : 100.000]
        #datapoints = 113898
        residuals are weighted equally (unit weight)

function used for fitting: f(y)
	f(y) = mean_x
fitted parameters initialized with current variable values

iter      chisq       delta/lim  lambda   mean_x       
   0 5.7866622986e+08   0.00e+00  1.00e+00    1.000000e+00
   2 1.1818797866e+08  -3.00e-05  1.00e-02    6.458380e+01

After 2 iterations the fit converged.
final sum of squares of residuals : 1.18188e+08
rel. change during last iteration : -3.00328e-10

degrees of freedom    (FIT_NDF)                        : 113897
rms of residuals      (FIT_STDFIT) = sqrt(WSSR/ndf)    : 32.213
variance of residuals (reduced chisquare) = WSSR/ndf   : 1037.67

Final set of parameters            Asymptotic Standard Error
=======================            ==========================
mean_x          = 64.5838          +/- 0.09545      (0.1478%)


*******************************************************************************
Sat Apr 11 17:24:10 2015


FIT:    data read from 'dataAtFNALCPUEff.txt' u 5:5
        format = x:z
        x range restricted to [0.00000 : 100.000]
        #datapoints = 113898
        residuals are weighted equally (unit weight)

function used for fitting: f(y)
	f(y) = mean_x
fitted parameters initialized with current variable values

iter      chisq       delta/lim  lambda   mean_x       
   0 5.7866622986e+08   0.00e+00  1.00e+00    1.000000e+00
   2 1.1818797866e+08  -3.00e-05  1.00e-02    6.458380e+01

After 2 iterations the fit converged.
final sum of squares of residuals : 1.18188e+08
rel. change during last iteration : -3.00328e-10

degrees of freedom    (FIT_NDF)                        : 113897
rms of residuals      (FIT_STDFIT) = sqrt(WSSR/ndf)    : 32.213
variance of residuals (reduced chisquare) = WSSR/ndf   : 1037.67

Final set of parameters            Asymptotic Standard Error
=======================            ==========================
mean_x          = 64.5838          +/- 0.09545      (0.1478%)


*******************************************************************************
Sat Apr 11 17:24:31 2015


FIT:    data read from 'dataAtFNALCPUEff.txt' u 5:5
        format = x:z
        x range restricted to [0.00000 : 100.000]
        #datapoints = 113898
        residuals are weighted equally (unit weight)

function used for fitting: f(y)
	f(y) = mean_x
fitted parameters initialized with current variable values

iter      chisq       delta/lim  lambda   mean_x       
   0 5.7866622986e+08   0.00e+00  1.00e+00    1.000000e+00
   2 1.1818797866e+08  -3.00e-05  1.00e-02    6.458380e+01

After 2 iterations the fit converged.
final sum of squares of residuals : 1.18188e+08
rel. change during last iteration : -3.00328e-10

degrees of freedom    (FIT_NDF)                        : 113897
rms of residuals      (FIT_STDFIT) = sqrt(WSSR/ndf)    : 32.213
variance of residuals (reduced chisquare) = WSSR/ndf   : 1037.67

Final set of parameters            Asymptotic Standard Error
=======================            ==========================
mean_x          = 64.5838          +/- 0.09545      (0.1478%)


*******************************************************************************
Sat Apr 11 17:25:06 2015


FIT:    data read from 'dataAtFNALCPUEff.txt' u 5:5
        format = x:z
        x range restricted to [0.00000 : 100.000]
        #datapoints = 113898
        residuals are weighted equally (unit weight)

function used for fitting: f(y)
	f(y) = mean_x
fitted parameters initialized with current variable values

iter      chisq       delta/lim  lambda   mean_x       
   0 5.7866622986e+08   0.00e+00  1.00e+00    1.000000e+00
   2 1.1818797866e+08  -3.00e-05  1.00e-02    6.458380e+01

After 2 iterations the fit converged.
final sum of squares of residuals : 1.18188e+08
rel. change during last iteration : -3.00328e-10

degrees of freedom    (FIT_NDF)                        : 113897
rms of residuals      (FIT_STDFIT) = sqrt(WSSR/ndf)    : 32.213
variance of residuals (reduced chisquare) = WSSR/ndf   : 1037.67

Final set of parameters            Asymptotic Standard Error
=======================            ==========================
mean_x          = 64.5838          +/- 0.09545      (0.1478%)


*******************************************************************************
Sat Apr 11 17:25:35 2015


FIT:    data read from 'dataAtFNALCPUEff.txt' u 5:5
        format = x:z
        x range restricted to [0.00000 : 100.000]
        #datapoints = 113898
        residuals are weighted equally (unit weight)

function used for fitting: f(y)
	f(y) = mean_x
fitted parameters initialized with current variable values

iter      chisq       delta/lim  lambda   mean_x       
   0 5.7866622986e+08   0.00e+00  1.00e+00    1.000000e+00
   2 1.1818797866e+08  -3.00e-05  1.00e-02    6.458380e+01

After 2 iterations the fit converged.
final sum of squares of residuals : 1.18188e+08
rel. change during last iteration : -3.00328e-10

degrees of freedom    (FIT_NDF)                        : 113897
rms of residuals      (FIT_STDFIT) = sqrt(WSSR/ndf)    : 32.213
variance of residuals (reduced chisquare) = WSSR/ndf   : 1037.67

Final set of parameters            Asymptotic Standard Error
=======================            ==========================
mean_x          = 64.5838          +/- 0.09545      (0.1478%)


*******************************************************************************
Sat Apr 11 17:25:59 2015


FIT:    data read from 'dataAtFNALCPUEff.txt' u 5:5
        format = x:z
        x range restricted to [0.00000 : 100.000]
        #datapoints = 113898
        residuals are weighted equally (unit weight)

function used for fitting: f(y)
	f(y) = mean_x
fitted parameters initialized with current variable values

iter      chisq       delta/lim  lambda   mean_x       
   0 5.7866622986e+08   0.00e+00  1.00e+00    1.000000e+00
   2 1.1818797866e+08  -3.00e-05  1.00e-02    6.458380e+01

After 2 iterations the fit converged.
final sum of squares of residuals : 1.18188e+08
rel. change during last iteration : -3.00328e-10

degrees of freedom    (FIT_NDF)                        : 113897
rms of residuals      (FIT_STDFIT) = sqrt(WSSR/ndf)    : 32.213
variance of residuals (reduced chisquare) = WSSR/ndf   : 1037.67

Final set of parameters            Asymptotic Standard Error
=======================            ==========================
mean_x          = 64.5838          +/- 0.09545      (0.1478%)


*******************************************************************************
Sat Apr 11 17:26:14 2015


FIT:    data read from 'dataAtFNALCPUEff.txt' u 5:5
        format = x:z
        x range restricted to [0.00000 : 100.000]
        #datapoints = 113898
        residuals are weighted equally (unit weight)

function used for fitting: f(y)
	f(y) = mean_x
fitted parameters initialized with current variable values

iter      chisq       delta/lim  lambda   mean_x       
   0 5.7866622986e+08   0.00e+00  1.00e+00    1.000000e+00
   2 1.1818797866e+08  -3.00e-05  1.00e-02    6.458380e+01

After 2 iterations the fit converged.
final sum of squares of residuals : 1.18188e+08
rel. change during last iteration : -3.00328e-10

degrees of freedom    (FIT_NDF)                        : 113897
rms of residuals      (FIT_STDFIT) = sqrt(WSSR/ndf)    : 32.213
variance of residuals (reduced chisquare) = WSSR/ndf   : 1037.67

Final set of parameters            Asymptotic Standard Error
=======================            ==========================
mean_x          = 64.5838          +/- 0.09545      (0.1478%)
